ERC report (2025-11-27T12:26:21+0100, Encoding UTF8)

***** Sheet /
[power_pin_not_driven]: Input Power pin not driven by any Output Power pins
    ; error
    @(1200 mils, 2900 mils): Symbol #PWR01 Pin 1 [Power input, Line]
[footprint_link_issues]: The current configuration does not include the footprint library 'TLV76133DCYR'.
    ; warning
    @(5900 mils, 3700 mils): Symbol U4 [TLV76133DCYR]
[pin_to_pin]: Pins of type Open collector and Output are connected
    ; error
    @(5450 mils, 6500 mils): Symbol Q1 Pin 1 [C, Open collector, Line]
    @(3150 mils, 4800 mils): Symbol U2 Pin 24 [~{RTS}, Output, Line]
[pin_to_pin]: Pins of type Open emitter and Output are connected
    ; error
    @(5800 mils, 6500 mils): Symbol Q2 Pin 3 [E, Open emitter, Line]
    @(3150 mils, 5100 mils): Symbol U2 Pin 28 [~{DTR}, Output, Line]
[footprint_link_issues]: The current configuration does not include the footprint library 'ESP32-C3-MINI-1-N4'.
    ; warning
    @(9650 mils, 2300 mils): Symbol U3 [ESP32-C3-MINI-1-N4]
[footprint_link_issues]: The current configuration does not include the footprint library 'MSD-1-A'.
    ; warning
    @(8650 mils, 5150 mils): Symbol J1 [MSD-1-A]
[no_connect_connected]: Pin with 'no connection' type is connected
    ; warning
    @(10350 mils, 2800 mils): Symbol U3 Hidden pin 15 [NC, Unconnected, Line]
    @(10350 mils, 2800 mils): Symbol U3 Hidden pin 17 [NC, Unconnected, Line]
[multiple_net_names]: Both GNDREF and GND are attached to the same items; GNDREF will be used in the netlist
    ; warning
    @(1150 mils, 4000 mils): Symbol #PWR03 Pin 1 [Power input, Line]
    @(10350 mils, 3000 mils): Symbol U3 Hidden pin 42 [GND, Power input, Line]
[power_pin_not_driven]: Input Power pin not driven by any Output Power pins
    ; error
    @(9250 mils, 5850 mils): Symbol J1 Pin 4 [VDD, Power input, Line]

 ** ERC messages: 9  Errors 4  Warnings 5
